==32765== Memcheck, a memory error detector
==32765== Copyright (C) 2002-2015, and GNU GPL'd, by Julian Seward et al.
==32765== Using Valgrind-3.11.0 and LibVEX; rerun with -h for copyright info
==32765== Command: ./buildIter
==32765== 
==32765== 
==32765== HEAP SUMMARY:
==32765==     in use at exit: 44,425,768 bytes in 1,024,003 blocks
==32765==   total heap usage: 2,048,025 allocs, 1,024,022 frees, 163,611,244 bytes allocated
==32765== 
==32765== LEAK SUMMARY:
==32765==    definitely lost: 33,161,216 bytes in 2 blocks
==32765==    indirectly lost: 11,264,000 bytes in 1,024,000 blocks
==32765==      possibly lost: 0 bytes in 0 blocks
==32765==    still reachable: 552 bytes in 1 blocks
==32765==         suppressed: 0 bytes in 0 blocks
==32765== Rerun with --leak-check=full to see details of leaked memory
==32765== 
==32765== For counts of detected and suppressed errors, rerun with: -v
==32765== ERROR SUMMARY: 0 errors from 0 contexts (suppressed: 0 from 0)
