==31993== Memcheck, a memory error detector
==31993== Copyright (C) 2002-2015, and GNU GPL'd, by Julian Seward et al.
==31993== Using Valgrind-3.11.0 and LibVEX; rerun with -h for copyright info
==31993== Command: ./buildRec
==31993== 
==31993== 
==31993== HEAP SUMMARY:
==31993==     in use at exit: 28,041,768 bytes in 1,024,002 blocks
==31993==   total heap usage: 3,072,022 allocs, 2,048,020 frees, 474,509,932 bytes allocated
==31993== 
==31993== LEAK SUMMARY:
==31993==    definitely lost: 16,777,216 bytes in 1 blocks
==31993==    indirectly lost: 11,264,000 bytes in 1,024,000 blocks
==31993==      possibly lost: 0 bytes in 0 blocks
==31993==    still reachable: 552 bytes in 1 blocks
==31993==         suppressed: 0 bytes in 0 blocks
==31993== Rerun with --leak-check=full to see details of leaked memory
==31993== 
==31993== For counts of detected and suppressed errors, rerun with: -v
==31993== ERROR SUMMARY: 0 errors from 0 contexts (suppressed: 0 from 0)
